This file contains any messages produced by compilers while
running configure, to aid debugging if configure makes a mistake.

It was created by gsl configure 1.11, which was
generated by GNU Autoconf 2.61.  Invocation command line was

  $ ./configure --enable-shared=no --prefix=/home/pi/camera-pi/astrometry/astrometry.net-0.42/gsl-an/stage

## --------- ##
## Platform. ##
## --------- ##

hostname = spacepi
uname -m = armv6l
uname -r = 3.6.11+
uname -s = Linux
uname -v = #393 PREEMPT Fri Mar 8 16:36:28 GMT 2013

/usr/bin/uname -p = unknown
/bin/uname -X     = unknown

/bin/arch              = unknown
/usr/bin/arch -k       = unknown
/usr/convex/getsysinfo = unknown
/usr/bin/hostinfo      = unknown
/bin/machine           = unknown
/usr/bin/oslevel       = unknown
/bin/universe          = unknown

PATH: /usr/local/sbin
PATH: /usr/local/bin
PATH: /usr/sbin
PATH: /usr/bin
PATH: /sbin
PATH: /bin


## ----------- ##
## Core tests. ##
## ----------- ##

configure:1975: checking for a BSD-compatible install
configure:2031: result: /usr/bin/install -c
configure:2042: checking whether build environment is sane
configure:2085: result: yes
configure:2113: checking for a thread-safe mkdir -p
configure:2152: result: /bin/mkdir -p
configure:2165: checking for gawk
configure:2195: result: no
configure:2165: checking for mawk
configure:2181: found /usr/bin/mawk
configure:2192: result: mawk
configure:2203: checking whether make sets $(MAKE)
configure:2224: result: yes
configure:2414: checking whether to enable maintainer-specific portions of Makefiles
configure:2423: result: no
configure:2463: checking whether make sets $(MAKE)
configure:2484: result: yes
configure:2500: checking build system type
configure:2518: result: armv6l-unknown-linux-gnu
configure:2540: checking host system type
configure:2555: result: armv6l-unknown-linux-gnu
configure:2632: checking for gcc
configure:2648: found /usr/bin/gcc
configure:2659: result: gcc
configure:2897: checking for C compiler version
configure:2904: gcc --version >&5
gcc (Debian 4.6.3-14+rpi1) 4.6.3
Copyright (C) 2011 Free Software Foundation, Inc.
This is free software; see the source for copying conditions.  There is NO
warranty; not even for MERCHANTABILITY or FITNESS FOR A PARTICULAR PURPOSE.

configure:2907: $? = 0
configure:2914: gcc -v >&5
Using built-in specs.
COLLECT_GCC=gcc
COLLECT_LTO_WRAPPER=/usr/lib/gcc/arm-linux-gnueabihf/4.6/lto-wrapper
Target: arm-linux-gnueabihf
Configured with: ../src/configure -v --with-pkgversion='Debian 4.6.3-14+rpi1' --with-bugurl=file:///usr/share/doc/gcc-4.6/README.Bugs --enable-languages=c,c++,fortran,objc,obj-c++ --prefix=/usr --program-suffix=-4.6 --enable-shared --enable-linker-build-id --with-system-zlib --libexecdir=/usr/lib --without-included-gettext --enable-threads=posix --with-gxx-include-dir=/usr/include/c++/4.6 --libdir=/usr/lib --enable-nls --with-sysroot=/ --enable-clocale=gnu --enable-libstdcxx-debug --enable-libstdcxx-time=yes --enable-gnu-unique-object --enable-plugin --enable-objc-gc --disable-sjlj-exceptions --with-arch=armv6 --with-fpu=vfp --with-float=hard --enable-checking=release --build=arm-linux-gnueabihf --host=arm-linux-gnueabihf --target=arm-linux-gnueabihf
Thread model: posix
gcc version 4.6.3 (Debian 4.6.3-14+rpi1) 
configure:2917: $? = 0
configure:2924: gcc -V >&5
gcc: error: unrecognized option '-V'
gcc: fatal error: no input files
compilation terminated.
configure:2927: $? = 4
configure:2950: checking for C compiler default output file name
configure:2977: gcc    conftest.c  >&5
configure:2980: $? = 0
configure:3018: result: a.out
configure:3035: checking whether the C compiler works
configure:3045: ./a.out
configure:3048: $? = 0
configure:3065: result: yes
configure:3072: checking whether we are cross compiling
configure:3074: result: no
configure:3077: checking for suffix of executables
configure:3084: gcc -o conftest    conftest.c  >&5
configure:3087: $? = 0
configure:3111: result: 
configure:3117: checking for suffix of object files
configure:3143: gcc -c   conftest.c >&5
configure:3146: $? = 0
configure:3169: result: o
configure:3173: checking whether we are using the GNU C compiler
configure:3202: gcc -c   conftest.c >&5
configure:3208: $? = 0
configure:3225: result: yes
configure:3230: checking whether gcc accepts -g
configure:3260: gcc -c -g  conftest.c >&5
configure:3266: $? = 0
configure:3365: result: yes
configure:3382: checking for gcc option to accept ISO C89
configure:3456: gcc  -c -g -O2  conftest.c >&5
configure:3462: $? = 0
configure:3485: result: none needed
configure:3508: checking how to run the C preprocessor
configure:3548: gcc -E  conftest.c
configure:3554: $? = 0
configure:3585: gcc -E  conftest.c
conftest.c:11:28: fatal error: ac_nonexistent.h: No such file or directory
compilation terminated.
configure:3591: $? = 1
configure: failed program was:
| /* confdefs.h.  */
| #define PACKAGE_NAME "gsl"
| #define PACKAGE_TARNAME "gsl"
| #define PACKAGE_VERSION "1.11"
| #define PACKAGE_STRING "gsl 1.11"
| #define PACKAGE_BUGREPORT ""
| #define PACKAGE "gsl"
| #define VERSION "1.11"
| #define RELEASED
| /* end confdefs.h.  */
| #include <ac_nonexistent.h>
configure:3624: result: gcc -E
configure:3653: gcc -E  conftest.c
configure:3659: $? = 0
configure:3690: gcc -E  conftest.c
conftest.c:11:28: fatal error: ac_nonexistent.h: No such file or directory
compilation terminated.
configure:3696: $? = 1
configure: failed program was:
| /* confdefs.h.  */
| #define PACKAGE_NAME "gsl"
| #define PACKAGE_TARNAME "gsl"
| #define PACKAGE_VERSION "1.11"
| #define PACKAGE_STRING "gsl 1.11"
| #define PACKAGE_BUGREPORT ""
| #define PACKAGE "gsl"
| #define VERSION "1.11"
| #define RELEASED
| /* end confdefs.h.  */
| #include <ac_nonexistent.h>
configure:3746: checking for a BSD-compatible install
configure:3802: result: /usr/bin/install -c
configure:3813: checking whether ln -s works
configure:3817: result: yes
configure:3849: checking for a sed that does not truncate output
configure:3928: result: /bin/sed
configure:3946: checking for grep that handles long lines and -e
configure:4020: result: /bin/grep
configure:4025: checking for egrep
configure:4103: result: /bin/grep -E
configure:4108: checking for fgrep
configure:4186: result: /bin/grep -F
configure:4221: checking for ld used by gcc
configure:4288: result: /usr/bin/ld
configure:4297: checking if the linker (/usr/bin/ld) is GNU ld
configure:4312: result: yes
configure:4325: checking for BSD- or MS-compatible name lister (nm)
configure:4374: result: /usr/bin/nm -B
configure:4496: checking the name lister (/usr/bin/nm -B) interface
configure:4503: gcc -c -g -O2  conftest.c >&5
configure:4506: /usr/bin/nm -B "conftest.o"
configure:4509: output
00000000 B some_variable
configure:4516: result: BSD nm
configure:4520: checking the maximum length of command line arguments
configure:4640: result: 805306365
configure:4658: checking whether the shell understands some XSI constructs
configure:4666: result: yes
configure:4670: checking whether the shell understands "+="
configure:4676: result: yes
configure:4711: checking for /usr/bin/ld option to reload object files
configure:4718: result: -r
configure:4745: checking how to recognize dependent libraries
configure:4935: result: pass_all
configure:4995: checking for ar
configure:5011: found /usr/bin/ar
configure:5022: result: ar
configure:5104: checking for strip
configure:5120: found /usr/bin/strip
configure:5131: result: strip
configure:5207: checking for ranlib
configure:5223: found /usr/bin/ranlib
configure:5234: result: ranlib
configure:5328: checking command to parse /usr/bin/nm -B output from gcc object
configure:5446: gcc -c -g -O2  conftest.c >&5
configure:5449: $? = 0
configure:5453: /usr/bin/nm -B conftest.o \| sed -n -e 's/^.*[	 ]\([ABCDGIRSTW][ABCDGIRSTW]*\)[	 ][	 ]*\([_A-Za-z][_A-Za-z0-9]*\)$/\1 \2 \2/p' \> conftest.nm
configure:5456: $? = 0
configure:5510: gcc -o conftest -g -O2   conftest.c conftstm.o >&5
configure:5513: $? = 0
configure:5551: result: ok
configure:6117: checking for ANSI C header files
configure:6147: gcc -c -g -O2  conftest.c >&5
configure:6153: $? = 0
configure:6252: gcc -o conftest -g -O2   conftest.c  >&5
configure:6255: $? = 0
configure:6261: ./conftest
configure:6264: $? = 0
configure:6281: result: yes
configure:6305: checking for sys/types.h
configure:6326: gcc -c -g -O2  conftest.c >&5
configure:6332: $? = 0
configure:6348: result: yes
configure:6305: checking for sys/stat.h
configure:6326: gcc -c -g -O2  conftest.c >&5
configure:6332: $? = 0
configure:6348: result: yes
configure:6305: checking for stdlib.h
configure:6326: gcc -c -g -O2  conftest.c >&5
configure:6332: $? = 0
configure:6348: result: yes
configure:6305: checking for string.h
configure:6326: gcc -c -g -O2  conftest.c >&5
configure:6332: $? = 0
configure:6348: result: yes
configure:6305: checking for memory.h
configure:6326: gcc -c -g -O2  conftest.c >&5
configure:6332: $? = 0
configure:6348: result: yes
configure:6305: checking for strings.h
configure:6326: gcc -c -g -O2  conftest.c >&5
configure:6332: $? = 0
configure:6348: result: yes
configure:6305: checking for inttypes.h
configure:6326: gcc -c -g -O2  conftest.c >&5
configure:6332: $? = 0
configure:6348: result: yes
configure:6305: checking for stdint.h
configure:6326: gcc -c -g -O2  conftest.c >&5
configure:6332: $? = 0
configure:6348: result: yes
configure:6305: checking for unistd.h
configure:6326: gcc -c -g -O2  conftest.c >&5
configure:6332: $? = 0
configure:6348: result: yes
configure:6364: checking for dlfcn.h
configure:6385: gcc -c -g -O2  conftest.c >&5
configure:6391: $? = 0
configure:6407: result: yes
configure:6591: checking for objdir
configure:6606: result: .libs
configure:6898: checking if gcc supports -fno-rtti -fno-exceptions
configure:6916: gcc -c -g -O2  -fno-rtti -fno-exceptions conftest.c >&5
cc1: warning: command line option '-fno-rtti' is valid for C++/ObjC++ but not for C [enabled by default]
configure:6920: $? = 0
configure:6933: result: no
configure:6953: checking for gcc option to produce PIC
configure:7204: result: -fPIC -DPIC
configure:7216: checking if gcc PIC flag -fPIC -DPIC works
configure:7234: gcc -c -g -O2  -fPIC -DPIC -DPIC conftest.c >&5
configure:7238: $? = 0
configure:7251: result: yes
configure:7275: checking if gcc static flag -static works
configure:7303: result: yes
configure:7318: checking if gcc supports -c -o file.o
configure:7339: gcc -c -g -O2  -o out/conftest2.o conftest.c >&5
configure:7343: $? = 0
configure:7365: result: yes
configure:7373: checking if gcc supports -c -o file.o
configure:7420: result: yes
configure:7453: checking whether the gcc linker (/usr/bin/ld) supports shared libraries
configure:8503: result: yes
configure:8742: checking dynamic linker characteristics
configure:9180: gcc -o conftest -g -O2   -Wl,-rpath -Wl,/foo conftest.c  >&5
configure:9186: $? = 0
configure:9416: result: GNU/Linux ld.so
configure:9518: checking how to hardcode library paths into programs
configure:9543: result: immediate
configure:10356: checking whether stripping libraries is possible
configure:10361: result: yes
configure:10396: checking if libtool supports shared libraries
configure:10398: result: yes
configure:10401: checking whether to build shared libraries
configure:10422: result: no
configure:10425: checking whether to build static libraries
configure:10429: result: yes
configure:10465: checking for size_t
configure:10495: gcc -c -g -O2  conftest.c >&5
configure:10501: $? = 0
configure:10516: result: yes
configure:10528: checking for working volatile
configure:10557: gcc -c -g -O2  conftest.c >&5
configure:10563: $? = 0
configure:10578: result: yes
configure:10588: checking for inline
configure:10614: gcc -c -g -O2  conftest.c >&5
configure:10620: $? = 0
configure:10638: result: inline
configure:10658: checking whether char is unsigned
configure:10686: gcc -c -g -O2  conftest.c >&5
conftest.c: In function 'main':
conftest.c:59:12: error: size of array 'test_array' is negative
configure:10692: $? = 1
configure: failed program was:
| /* confdefs.h.  */
| #define PACKAGE_NAME "gsl"
| #define PACKAGE_TARNAME "gsl"
| #define PACKAGE_VERSION "1.11"
| #define PACKAGE_STRING "gsl 1.11"
| #define PACKAGE_BUGREPORT ""
| #define PACKAGE "gsl"
| #define VERSION "1.11"
| #define RELEASED
| #define STDC_HEADERS 1
| #define HAVE_SYS_TYPES_H 1
| #define HAVE_SYS_STAT_H 1
| #define HAVE_STDLIB_H 1
| #define HAVE_STRING_H 1
| #define HAVE_MEMORY_H 1
| #define HAVE_STRINGS_H 1
| #define HAVE_INTTYPES_H 1
| #define HAVE_STDINT_H 1
| #define HAVE_UNISTD_H 1
| #define HAVE_DLFCN_H 1
| #define LT_OBJDIR ".libs/"
| /* end confdefs.h.  */
| #include <stdio.h>
| #ifdef HAVE_SYS_TYPES_H
| # include <sys/types.h>
| #endif
| #ifdef HAVE_SYS_STAT_H
| # include <sys/stat.h>
| #endif
| #ifdef STDC_HEADERS
| # include <stdlib.h>
| # include <stddef.h>
| #else
| # ifdef HAVE_STDLIB_H
| #  include <stdlib.h>
| # endif
| #endif
| #ifdef HAVE_STRING_H
| # if !defined STDC_HEADERS && defined HAVE_MEMORY_H
| #  include <memory.h>
| # endif
| # include <string.h>
| #endif
| #ifdef HAVE_STRINGS_H
| # include <strings.h>
| #endif
| #ifdef HAVE_INTTYPES_H
| # include <inttypes.h>
| #endif
| #ifdef HAVE_STDINT_H
| # include <stdint.h>
| #endif
| #ifdef HAVE_UNISTD_H
| # include <unistd.h>
| #endif
| int
| main ()
| {
| static int test_array [1 - 2 * !(((char) -1) < 0)];
| test_array [0] = 0
| 
|   ;
|   return 0;
| }
configure:10707: result: yes
configure:10723: checking for extern inline
configure:10752: gcc -c -g -O2  conftest.c >&5
configure:10758: $? = 0
configure:10774: result: yes
configure:10800: checking ieeefp.h usability
configure:10817: gcc -c -g -O2  conftest.c >&5
conftest.c:57:20: fatal error: ieeefp.h: No such file or directory
compilation terminated.
configure:10823: $? = 1
configure: failed program was:
| /* confdefs.h.  */
| #define PACKAGE_NAME "gsl"
| #define PACKAGE_TARNAME "gsl"
| #define PACKAGE_VERSION "1.11"
| #define PACKAGE_STRING "gsl 1.11"
| #define PACKAGE_BUGREPORT ""
| #define PACKAGE "gsl"
| #define VERSION "1.11"
| #define RELEASED
| #define STDC_HEADERS 1
| #define HAVE_SYS_TYPES_H 1
| #define HAVE_SYS_STAT_H 1
| #define HAVE_STDLIB_H 1
| #define HAVE_STRING_H 1
| #define HAVE_MEMORY_H 1
| #define HAVE_STRINGS_H 1
| #define HAVE_INTTYPES_H 1
| #define HAVE_STDINT_H 1
| #define HAVE_UNISTD_H 1
| #define HAVE_DLFCN_H 1
| #define LT_OBJDIR ".libs/"
| #define HAVE_INLINE
| /* end confdefs.h.  */
| #include <stdio.h>
| #ifdef HAVE_SYS_TYPES_H
| # include <sys/types.h>
| #endif
| #ifdef HAVE_SYS_STAT_H
| # include <sys/stat.h>
| #endif
| #ifdef STDC_HEADERS
| # include <stdlib.h>
| # include <stddef.h>
| #else
| # ifdef HAVE_STDLIB_H
| #  include <stdlib.h>
| # endif
| #endif
| #ifdef HAVE_STRING_H
| # if !defined STDC_HEADERS && defined HAVE_MEMORY_H
| #  include <memory.h>
| # endif
| # include <string.h>
| #endif
| #ifdef HAVE_STRINGS_H
| # include <strings.h>
| #endif
| #ifdef HAVE_INTTYPES_H
| # include <inttypes.h>
| #endif
| #ifdef HAVE_STDINT_H
| # include <stdint.h>
| #endif
| #ifdef HAVE_UNISTD_H
| # include <unistd.h>
| #endif
| #include <ieeefp.h>
configure:10837: result: no
configure:10841: checking ieeefp.h presence
configure:10856: gcc -E  conftest.c
conftest.c:24:20: fatal error: ieeefp.h: No such file or directory
compilation terminated.
configure:10862: $? = 1
configure: failed program was:
| /* confdefs.h.  */
| #define PACKAGE_NAME "gsl"
| #define PACKAGE_TARNAME "gsl"
| #define PACKAGE_VERSION "1.11"
| #define PACKAGE_STRING "gsl 1.11"
| #define PACKAGE_BUGREPORT ""
| #define PACKAGE "gsl"
| #define VERSION "1.11"
| #define RELEASED
| #define STDC_HEADERS 1
| #define HAVE_SYS_TYPES_H 1
| #define HAVE_SYS_STAT_H 1
| #define HAVE_STDLIB_H 1
| #define HAVE_STRING_H 1
| #define HAVE_MEMORY_H 1
| #define HAVE_STRINGS_H 1
| #define HAVE_INTTYPES_H 1
| #define HAVE_STDINT_H 1
| #define HAVE_UNISTD_H 1
| #define HAVE_DLFCN_H 1
| #define LT_OBJDIR ".libs/"
| #define HAVE_INLINE
| /* end confdefs.h.  */
| #include <ieeefp.h>
configure:10876: result: no
configure:10904: checking for ieeefp.h
configure:10912: result: no
configure:10947: checking for vprintf
configure:11003: gcc -o conftest -g -O2   conftest.c  >&5
conftest.c:47:6: warning: conflicting types for built-in function 'vprintf' [enabled by default]
configure:11009: $? = 0
configure:11027: result: yes
configure:11034: checking for _doprnt
configure:11090: gcc -o conftest -g -O2   conftest.c  >&5
/tmp/ccMKmV3F.o: In function `main':
/home/pi/camera-pi/astrometry/astrometry.net-0.42/gsl-an/conftest.c:59: undefined reference to `_doprnt'
collect2: ld returned 1 exit status
configure:11096: $? = 1
configure: failed program was:
| /* confdefs.h.  */
| #define PACKAGE_NAME "gsl"
| #define PACKAGE_TARNAME "gsl"
| #define PACKAGE_VERSION "1.11"
| #define PACKAGE_STRING "gsl 1.11"
| #define PACKAGE_BUGREPORT ""
| #define PACKAGE "gsl"
| #define VERSION "1.11"
| #define RELEASED
| #define STDC_HEADERS 1
| #define HAVE_SYS_TYPES_H 1
| #define HAVE_SYS_STAT_H 1
| #define HAVE_STDLIB_H 1
| #define HAVE_STRING_H 1
| #define HAVE_MEMORY_H 1
| #define HAVE_STRINGS_H 1
| #define HAVE_INTTYPES_H 1
| #define HAVE_STDINT_H 1
| #define HAVE_UNISTD_H 1
| #define HAVE_DLFCN_H 1
| #define LT_OBJDIR ".libs/"
| #define HAVE_INLINE
| #define HAVE_VPRINTF 1
| /* end confdefs.h.  */
| /* Define _doprnt to an innocuous variant, in case <limits.h> declares _doprnt.
|    For example, HP-UX 11i <limits.h> declares gettimeofday.  */
| #define _doprnt innocuous__doprnt
| 
| /* System header to define __stub macros and hopefully few prototypes,
|     which can conflict with char _doprnt (); below.
|     Prefer <limits.h> to <assert.h> if __STDC__ is defined, since
|     <limits.h> exists even on freestanding compilers.  */
| 
| #ifdef __STDC__
| # include <limits.h>
| #else
| # include <assert.h>
| #endif
| 
| #undef _doprnt
| 
| /* Override any GCC internal prototype to avoid an error.
|    Use char because int might match the return type of a GCC
|    builtin and then its argument prototype would still apply.  */
| #ifdef __cplusplus
| extern "C"
| #endif
| char _doprnt ();
| /* The GNU C library defines this for functions which it implements
|     to always fail with ENOSYS.  Some functions are actually named
|     something starting with __ and the normal name is an alias.  */
| #if defined __stub__doprnt || defined __stub____doprnt
| choke me
| #endif
| 
| int
| main ()
| {
| return _doprnt ();
|   ;
|   return 0;
| }
configure:11113: result: no
configure:11136: checking for memcpy
configure:11192: gcc -o conftest -g -O2   conftest.c  >&5
conftest.c:48:6: warning: conflicting types for built-in function 'memcpy' [enabled by default]
configure:11198: $? = 0
configure:11216: result: yes
configure:11136: checking for memmove
configure:11192: gcc -o conftest -g -O2   conftest.c  >&5
conftest.c:49:6: warning: conflicting types for built-in function 'memmove' [enabled by default]
configure:11198: $? = 0
configure:11216: result: yes
configure:11136: checking for strdup
configure:11192: gcc -o conftest -g -O2   conftest.c  >&5
conftest.c:50:6: warning: conflicting types for built-in function 'strdup' [enabled by default]
configure:11198: $? = 0
configure:11216: result: yes
configure:11136: checking for strtol
configure:11192: gcc -o conftest -g -O2   conftest.c  >&5
configure:11198: $? = 0
configure:11216: result: yes
configure:11136: checking for strtoul
configure:11192: gcc -o conftest -g -O2   conftest.c  >&5
configure:11198: $? = 0
configure:11216: result: yes
configure:11235: checking for EXIT_SUCCESS and EXIT_FAILURE
configure:11263: result: yes
configure:11277: checking for cos in -lm
configure:11312: gcc -o conftest -g -O2   conftest.c -lm   >&5
conftest.c:38:6: warning: conflicting types for built-in function 'cos' [enabled by default]
configure:11318: $? = 0
configure:11336: result: yes
configure:11349: checking whether feenableexcept is declared
configure:11380: gcc -c -g -O2  conftest.c >&5
configure:11386: $? = 0
configure:11401: result: yes
configure:11419: checking whether fesettrapenable is declared
configure:11450: gcc -c -g -O2  conftest.c >&5
conftest.c: In function 'main':
conftest.c:40:10: error: 'fesettrapenable' undeclared (first use in this function)
conftest.c:40:10: note: each undeclared identifier is reported only once for each function it appears in
configure:11456: $? = 1
configure: failed program was:
| /* confdefs.h.  */
| #define PACKAGE_NAME "gsl"
| #define PACKAGE_TARNAME "gsl"
| #define PACKAGE_VERSION "1.11"
| #define PACKAGE_STRING "gsl 1.11"
| #define PACKAGE_BUGREPORT ""
| #define PACKAGE "gsl"
| #define VERSION "1.11"
| #define RELEASED
| #define STDC_HEADERS 1
| #define HAVE_SYS_TYPES_H 1
| #define HAVE_SYS_STAT_H 1
| #define HAVE_STDLIB_H 1
| #define HAVE_STRING_H 1
| #define HAVE_MEMORY_H 1
| #define HAVE_STRINGS_H 1
| #define HAVE_INTTYPES_H 1
| #define HAVE_STDINT_H 1
| #define HAVE_UNISTD_H 1
| #define HAVE_DLFCN_H 1
| #define LT_OBJDIR ".libs/"
| #define HAVE_INLINE
| #define HAVE_VPRINTF 1
| #define HAVE_MEMCPY 1
| #define HAVE_MEMMOVE 1
| #define HAVE_STRDUP 1
| #define HAVE_STRTOL 1
| #define HAVE_STRTOUL 1
| #define HAVE_EXIT_SUCCESS_AND_FAILURE 1
| #define HAVE_LIBM 1
| #define HAVE_DECL_FEENABLEEXCEPT 1
| /* end confdefs.h.  */
| #define _GNU_SOURCE 1
| #include <fenv.h>
| 
| int
| main ()
| {
| #ifndef fesettrapenable
|   (void) fesettrapenable;
| #endif
| 
|   ;
|   return 0;
| }
configure:11471: result: no
configure:11489: checking whether hypot is declared
configure:11519: gcc -c -g -O2  conftest.c >&5
configure:11525: $? = 0
configure:11540: result: yes
configure:11558: checking whether expm1 is declared
configure:11588: gcc -c -g -O2  conftest.c >&5
configure:11594: $? = 0
configure:11609: result: yes
configure:11627: checking whether acosh is declared
configure:11657: gcc -c -g -O2  conftest.c >&5
configure:11663: $? = 0
configure:11678: result: yes
configure:11696: checking whether asinh is declared
configure:11726: gcc -c -g -O2  conftest.c >&5
configure:11732: $? = 0
configure:11747: result: yes
configure:11765: checking whether atanh is declared
configure:11795: gcc -c -g -O2  conftest.c >&5
configure:11801: $? = 0
configure:11816: result: yes
configure:11834: checking whether ldexp is declared
configure:11864: gcc -c -g -O2  conftest.c >&5
configure:11870: $? = 0
configure:11885: result: yes
configure:11903: checking whether frexp is declared
configure:11933: gcc -c -g -O2  conftest.c >&5
configure:11939: $? = 0
configure:11954: result: yes
configure:11972: checking whether isinf is declared
configure:12002: gcc -c -g -O2  conftest.c >&5
configure:12008: $? = 0
configure:12023: result: yes
configure:12041: checking whether isfinite is declared
configure:12071: gcc -c -g -O2  conftest.c >&5
configure:12077: $? = 0
configure:12092: result: yes
configure:12110: checking whether finite is declared
configure:12143: gcc -c -g -O2  conftest.c >&5
configure:12149: $? = 0
configure:12164: result: yes
configure:12182: checking whether isnan is declared
configure:12212: gcc -c -g -O2  conftest.c >&5
configure:12218: $? = 0
configure:12233: result: yes
configure:12258: checking whether log1p is declared
configure:12288: gcc -c -g -O2  conftest.c >&5
configure:12294: $? = 0
configure:12309: result: yes
configure:12330: checking for long double stdio
configure:12361: gcc -o conftest -g -O2   conftest.c -lm  >&5
configure:12364: $? = 0
configure:12370: ./conftest
1.234
configure:12373: $? = 0
configure:12389: result: yes
configure:12400: checking for extended floating point registers
configure:12433: result: unknown
configure:12444: checking for IEEE arithmetic interface type
configure:12507: result: unknown
configure:12672: checking for IEEE compiler flags
configure:12735: result: none
configure:12744: checking for IEEE comparisons
configure:12775: gcc -o conftest -g -O2   conftest.c -lm  >&5
conftest.c: In function 'main':
conftest.c:57:4: warning: incompatible implicit declaration of built-in function 'exit' [enabled by default]
configure:12778: $? = 0
configure:12784: ./conftest
configure:12787: $? = 0
configure:12804: result: yes
configure:12815: checking for IEEE denormalized values
configure:12847: gcc -o conftest -g -O2   conftest.c -lm  >&5
conftest.c: In function 'main':
conftest.c:59:4: warning: incompatible implicit declaration of built-in function 'exit' [enabled by default]
configure:12850: $? = 0
configure:12856: ./conftest
configure:12859: $? = 0
configure:12876: result: yes
configure:13027: creating ./config.status

## ---------------------- ##
## Running config.status. ##
## ---------------------- ##

This file was extended by gsl config.status 1.11, which was
generated by GNU Autoconf 2.61.  Invocation command line was

  CONFIG_FILES    = 
  CONFIG_HEADERS  = 
  CONFIG_LINKS    = 
  CONFIG_COMMANDS = 
  $ ./config.status 

on spacepi

config.status:906: creating gsl-config
config.status:906: creating gsl.pc
config.status:906: creating gsl_version.h
config.status:906: creating gsl.spec
config.status:906: creating config.h

## ---------------- ##
## Cache variables. ##
## ---------------- ##

ac_cv_build=armv6l-unknown-linux-gnu
ac_cv_c_char_unsigned=yes
ac_cv_c_compiler_gnu=yes
ac_cv_c_extended_fp=unknown
ac_cv_c_extern_inline=yes
ac_cv_c_ieee_comparisons=yes
ac_cv_c_ieee_denormals=yes
ac_cv_c_ieee_flags=none
ac_cv_c_ieee_interface=unknown
ac_cv_c_inline=inline
ac_cv_c_volatile=yes
ac_cv_decl_exit_success_and_failure=yes
ac_cv_env_CC_set=
ac_cv_env_CC_value=
ac_cv_env_CFLAGS_set=
ac_cv_env_CFLAGS_value=
ac_cv_env_CPPFLAGS_set=
ac_cv_env_CPPFLAGS_value=
ac_cv_env_CPP_set=
ac_cv_env_CPP_value=
ac_cv_env_LDFLAGS_set=
ac_cv_env_LDFLAGS_value=
ac_cv_env_LIBS_set=
ac_cv_env_LIBS_value=
ac_cv_env_build_alias_set=
ac_cv_env_build_alias_value=
ac_cv_env_host_alias_set=
ac_cv_env_host_alias_value=
ac_cv_env_target_alias_set=
ac_cv_env_target_alias_value=
ac_cv_func__doprnt=no
ac_cv_func_memcpy=yes
ac_cv_func_memmove=yes
ac_cv_func_printf_longdouble=yes
ac_cv_func_strdup=yes
ac_cv_func_strtol=yes
ac_cv_func_strtoul=yes
ac_cv_func_vprintf=yes
ac_cv_have_decl_acosh=yes
ac_cv_have_decl_asinh=yes
ac_cv_have_decl_atanh=yes
ac_cv_have_decl_expm1=yes
ac_cv_have_decl_feenableexcept=yes
ac_cv_have_decl_fesettrapenable=no
ac_cv_have_decl_finite=yes
ac_cv_have_decl_frexp=yes
ac_cv_have_decl_hypot=yes
ac_cv_have_decl_isfinite=yes
ac_cv_have_decl_isinf=yes
ac_cv_have_decl_isnan=yes
ac_cv_have_decl_ldexp=yes
ac_cv_have_decl_log1p=yes
ac_cv_header_dlfcn_h=yes
ac_cv_header_ieeefp_h=no
ac_cv_header_inttypes_h=yes
ac_cv_header_memory_h=yes
ac_cv_header_stdc=yes
ac_cv_header_stdint_h=yes
ac_cv_header_stdlib_h=yes
ac_cv_header_string_h=yes
ac_cv_header_strings_h=yes
ac_cv_header_sys_stat_h=yes
ac_cv_header_sys_types_h=yes
ac_cv_header_unistd_h=yes
ac_cv_host=armv6l-unknown-linux-gnu
ac_cv_lib_m_cos=yes
ac_cv_objext=o
ac_cv_path_EGREP='/bin/grep -E'
ac_cv_path_FGREP='/bin/grep -F'
ac_cv_path_GREP=/bin/grep
ac_cv_path_SED=/bin/sed
ac_cv_path_install='/usr/bin/install -c'
ac_cv_path_mkdir=/bin/mkdir
ac_cv_prog_AWK=mawk
ac_cv_prog_CPP='gcc -E'
ac_cv_prog_ac_ct_AR=ar
ac_cv_prog_ac_ct_CC=gcc
ac_cv_prog_ac_ct_RANLIB=ranlib
ac_cv_prog_ac_ct_STRIP=strip
ac_cv_prog_cc_c89=
ac_cv_prog_cc_g=yes
ac_cv_prog_make_make_set=yes
ac_cv_type_size_t=yes
lt_cv_deplibs_check_method=pass_all
lt_cv_file_magic_cmd='$MAGIC_CMD'
lt_cv_file_magic_test_file=
lt_cv_ld_reload_flag=-r
lt_cv_nm_interface='BSD nm'
lt_cv_objdir=.libs
lt_cv_path_LD=/usr/bin/ld
lt_cv_path_NM='/usr/bin/nm -B'
lt_cv_prog_compiler_c_o=yes
lt_cv_prog_compiler_pic_works=yes
lt_cv_prog_compiler_rtti_exceptions=no
lt_cv_prog_compiler_static_works=yes
lt_cv_prog_gnu_ld=yes
lt_cv_sys_global_symbol_pipe='sed -n -e '\''s/^.*[	 ]\([ABCDGIRSTW][ABCDGIRSTW]*\)[	 ][	 ]*\([_A-Za-z][_A-Za-z0-9]*\)$/\1 \2 \2/p'\'''
lt_cv_sys_global_symbol_to_c_name_address='sed -n -e '\''s/^: \([^ ]*\) $/  {\"\1\", (void *) 0},/p'\'' -e '\''s/^[ABCDGIRSTW]* \([^ ]*\) \([^ ]*\)$/  {"\2", (void *) \&\2},/p'\'''
lt_cv_sys_global_symbol_to_c_name_address_lib_prefix='sed -n -e '\''s/^: \([^ ]*\) $/  {\"\1\", (void *) 0},/p'\'' -e '\''s/^[ABCDGIRSTW]* \([^ ]*\) \(lib[^ ]*\)$/  {"\2", (void *) \&\2},/p'\'' -e '\''s/^[ABCDGIRSTW]* \([^ ]*\) \([^ ]*\)$/  {"lib\2", (void *) \&\2},/p'\'''
lt_cv_sys_global_symbol_to_cdecl='sed -n -e '\''s/^T .* \(.*\)$/extern int \1();/p'\'' -e '\''s/^[ABCDGIRSTW]* .* \(.*\)$/extern char \1;/p'\'''
lt_cv_sys_max_cmd_len=805306365

## ----------------- ##
## Output variables. ##
## ----------------- ##

ACLOCAL='${SHELL} /home/pi/camera-pi/astrometry/astrometry.net-0.42/gsl-an/missing --run aclocal-1.10'
AMTAR='${SHELL} /home/pi/camera-pi/astrometry/astrometry.net-0.42/gsl-an/missing --run tar'
AR='ar'
AUTOCONF='${SHELL} /home/pi/camera-pi/astrometry/astrometry.net-0.42/gsl-an/missing --run autoconf'
AUTOHEADER='${SHELL} /home/pi/camera-pi/astrometry/astrometry.net-0.42/gsl-an/missing --run autoheader'
AUTOMAKE='${SHELL} /home/pi/camera-pi/astrometry/astrometry.net-0.42/gsl-an/missing --run automake-1.10'
AWK='mawk'
CC='gcc'
CFLAGS='-g -O2'
CPP='gcc -E'
CPPFLAGS=''
CYGPATH_W='echo'
DEFS='-DHAVE_CONFIG_H'
DSYMUTIL=''
DUMPBIN=''
ECHO_C=''
ECHO_N='-n'
ECHO_T=''
EGREP='/bin/grep -E'
EXEEXT=''
FGREP='/bin/grep -F'
GREP='/bin/grep'
GSL_CFLAGS='-I${prefix}/include'
GSL_LIBS='-L${exec_prefix}/lib -lgsl'
GSL_LT_CBLAS_VERSION='0:0:0'
GSL_LT_VERSION='12:0:12'
HAVE_AIX_IEEE_INTERFACE=''
HAVE_DARWIN86_IEEE_INTERFACE=''
HAVE_DARWIN_IEEE_INTERFACE=''
HAVE_FREEBSD_IEEE_INTERFACE=''
HAVE_GNUM68K_IEEE_INTERFACE=''
HAVE_GNUPPC_IEEE_INTERFACE=''
HAVE_GNUSPARC_IEEE_INTERFACE=''
HAVE_GNUX86_IEEE_INTERFACE=''
HAVE_HPUX11_IEEE_INTERFACE=''
HAVE_HPUX_IEEE_INTERFACE=''
HAVE_IRIX_IEEE_INTERFACE=''
HAVE_NETBSD_IEEE_INTERFACE=''
HAVE_OPENBSD_IEEE_INTERFACE=''
HAVE_OS2EMX_IEEE_INTERFACE=''
HAVE_SOLARIS_IEEE_INTERFACE=''
HAVE_SUNOS4_IEEE_INTERFACE=''
HAVE_TRU64_IEEE_INTERFACE=''
INSTALL_DATA='${INSTALL} -m 644'
INSTALL_PROGRAM='${INSTALL}'
INSTALL_SCRIPT='${INSTALL}'
INSTALL_STRIP_PROGRAM='$(install_sh) -c -s'
LD='/usr/bin/ld'
LDFLAGS=''
LIBOBJS=''
LIBS='-lm '
LIBTOOL='$(SHELL) $(top_builddir)/libtool'
LN_S='ln -s'
LTLIBOBJS=''
MAINT='#'
MAINTAINER_MODE_FALSE=''
MAINTAINER_MODE_TRUE='#'
MAKEINFO='${SHELL} /home/pi/camera-pi/astrometry/astrometry.net-0.42/gsl-an/missing --run makeinfo'
MINGW32_HOST_FALSE=''
MINGW32_HOST_TRUE='#'
NM='/usr/bin/nm -B'
NMEDIT=''
OBJEXT='o'
PACKAGE='gsl'
PACKAGE_BUGREPORT=''
PACKAGE_NAME='gsl'
PACKAGE_STRING='gsl 1.11'
PACKAGE_TARNAME='gsl'
PACKAGE_VERSION='1.11'
PATH_SEPARATOR=':'
RANLIB='ranlib'
SED='/bin/sed'
SET_MAKE=''
SHELL='/bin/bash'
STRIP='strip'
VERSION='1.11'
ac_ct_CC='gcc'
ac_ct_DUMPBIN=''
am__isrc=''
am__leading_dot='.'
am__tar='${AMTAR} chof - "$$tardir"'
am__untar='${AMTAR} xf -'
bindir='${exec_prefix}/bin'
build='armv6l-unknown-linux-gnu'
build_alias=''
build_cpu='armv6l'
build_os='linux-gnu'
build_vendor='unknown'
datadir='${datarootdir}'
datarootdir='${prefix}/share'
docdir='${datarootdir}/doc/${PACKAGE_TARNAME}'
dvidir='${docdir}'
exec_prefix='${prefix}'
host='armv6l-unknown-linux-gnu'
host_alias=''
host_cpu='armv6l'
host_os='linux-gnu'
host_vendor='unknown'
htmldir='${docdir}'
includedir='${prefix}/include'
infodir='${datarootdir}/info'
install_sh='$(SHELL) /home/pi/camera-pi/astrometry/astrometry.net-0.42/gsl-an/install-sh'
libdir='${exec_prefix}/lib'
libexecdir='${exec_prefix}/libexec'
localedir='${datarootdir}/locale'
localstatedir='${prefix}/var'
lt_ECHO='echo'
mandir='${datarootdir}/man'
mkdir_p='/bin/mkdir -p'
oldincludedir='/usr/include'
pdfdir='${docdir}'
prefix='/home/pi/camera-pi/astrometry/astrometry.net-0.42/gsl-an/stage'
program_transform_name='s,x,x,'
psdir='${docdir}'
sbindir='${exec_prefix}/sbin'
sharedstatedir='${prefix}/com'
sysconfdir='${prefix}/etc'
target_alias=''

## ----------- ##
## confdefs.h. ##
## ----------- ##

#define PACKAGE_NAME "gsl"
#define PACKAGE_TARNAME "gsl"
#define PACKAGE_VERSION "1.11"
#define PACKAGE_STRING "gsl 1.11"
#define PACKAGE_BUGREPORT ""
#define PACKAGE "gsl"
#define VERSION "1.11"
#define RELEASED
#define STDC_HEADERS 1
#define HAVE_SYS_TYPES_H 1
#define HAVE_SYS_STAT_H 1
#define HAVE_STDLIB_H 1
#define HAVE_STRING_H 1
#define HAVE_MEMORY_H 1
#define HAVE_STRINGS_H 1
#define HAVE_INTTYPES_H 1
#define HAVE_STDINT_H 1
#define HAVE_UNISTD_H 1
#define HAVE_DLFCN_H 1
#define LT_OBJDIR ".libs/"
#define HAVE_INLINE
#define HAVE_VPRINTF 1
#define HAVE_MEMCPY 1
#define HAVE_MEMMOVE 1
#define HAVE_STRDUP 1
#define HAVE_STRTOL 1
#define HAVE_STRTOUL 1
#define HAVE_EXIT_SUCCESS_AND_FAILURE 1
#define HAVE_LIBM 1
#define HAVE_DECL_FEENABLEEXCEPT 1
#define HAVE_DECL_FESETTRAPENABLE 0
#define HAVE_DECL_HYPOT 1
#define HAVE_DECL_EXPM1 1
#define HAVE_DECL_ACOSH 1
#define HAVE_DECL_ASINH 1
#define HAVE_DECL_ATANH 1
#define HAVE_DECL_LDEXP 1
#define HAVE_DECL_FREXP 1
#define HAVE_DECL_ISINF 1
#define HAVE_DECL_ISFINITE 1
#define HAVE_DECL_FINITE 1
#define HAVE_DECL_ISNAN 1
#define HAVE_DECL_LOG1P 1
#define HAVE_PRINTF_LONGDOUBLE 1
#define HAVE_EXTENDED_PRECISION_REGISTERS 1
#define HAVE_UNKNOWN_IEEE_INTERFACE 1
#define HAVE_IEEE_COMPARISONS 1
#define HAVE_IEEE_DENORMALS 1

configure: exit 0
